TableControl: QueueUpdate 2021/12/13 下午 09:52:18:928
TableControl: About to update entries 2021/12/13 下午 09:52:18:929
TableControl: QueueUpdate 2021/12/13 下午 09:52:18:929
TableControl: Updating entries 2021/12/13 下午 09:52:18:929
TableControl: QueueUpdate 2021/12/13 下午 09:52:18:929
TableControl: QueueUpdate 2021/12/13 下午 09:52:18:930
TableControl: QueueUpdate 2021/12/13 下午 10:30:53:168
TableControl: QueueUpdate 2021/12/13 下午 10:30:53:168
TableControl: QueueUpdate 2021/12/13 下午 10:30:53:168
TableControl: QueueUpdate 2021/12/13 下午 10:30:53:169
TableControl: QueueUpdate 2021/12/13 下午 10:30:53:169
TableControl: About to update entries 2021/12/13 下午 10:30:53:168
TableControl: Updating entries 2021/12/13 下午 10:30:53:169
TableControl: QueueUpdate 2021/12/26 上午 01:54:43:699
TableControl: QueueUpdate 2021/12/26 上午 01:54:43:700
TableControl: QueueUpdate 2021/12/26 上午 01:54:43:700
TableControl: QueueUpdate 2021/12/26 上午 01:54:43:700
TableControl: QueueUpdate 2021/12/26 上午 01:54:43:700
TableControl: About to update entries 2021/12/26 上午 01:54:43:700
TableControl: Updating entries 2021/12/26 上午 01:54:43:701
2021-12-25-15.09.20.994-devenv-23392.tsv -> 2021-12-26-01.54.44.205-devenv-23392.tsv
TableControl: QueueUpdate 2021/12/26 上午 02:11:08:559
TableControl: QueueUpdate 2021/12/26 上午 02:11:08:560
